{"/home/joepock123/fac/student-project/week11-where-is-whippy/server-api/server.js": {"path":"/home/joepock123/fac/student-project/week11-where-is-whippy/server-api/server.js","statementMap":{"0":{"start":{"line":1,"column":16},"end":{"line":1,"column":34}},"1":{"start":{"line":2,"column":13},"end":{"line":2,"column":28}},"2":{"start":{"line":5,"column":33},"end":{"line":5,"column":74}},"3":{"start":{"line":6,"column":31},"end":{"line":6,"column":70}},"4":{"start":{"line":7,"column":28},"end":{"line":7,"column":65}},"5":{"start":{"line":8,"column":16},"end":{"line":8,"column":47}},"6":{"start":{"line":9,"column":18},"end":{"line":9,"column":51}},"7":{"start":{"line":12,"column":20},"end":{"line":12,"column":55}},"8":{"start":{"line":13,"column":15},"end":{"line":13,"column":45}},"9":{"start":{"line":14,"column":13},"end":{"line":14,"column":41}},"10":{"start":{"line":16,"column":15},"end":{"line":16,"column":24}},"11":{"start":{"line":17,"column":0},"end":{"line":17,"column":27}},"12":{"start":{"line":18,"column":0},"end":{"line":18,"column":19}},"13":{"start":{"line":21,"column":20},"end":{"line":26,"column":1}},"14":{"start":{"line":29,"column":0},"end":{"line":29,"column":30}},"15":{"start":{"line":35,"column":0},"end":{"line":35,"column":49}},"16":{"start":{"line":36,"column":0},"end":{"line":36,"column":79}},"17":{"start":{"line":37,"column":0},"end":{"line":37,"column":60}},"18":{"start":{"line":38,"column":0},"end":{"line":38,"column":43}},"19":{"start":{"line":39,"column":0},"end":{"line":39,"column":73}},"20":{"start":{"line":40,"column":0},"end":{"line":40,"column":54}},"21":{"start":{"line":41,"column":0},"end":{"line":41,"column":66}},"22":{"start":{"line":44,"column":0},"end":{"line":44,"column":59}},"23":{"start":{"line":45,"column":0},"end":{"line":45,"column":57}},"24":{"start":{"line":46,"column":0},"end":{"line":50,"column":2}},"25":{"start":{"line":52,"column":0},"end":{"line":52,"column":53}},"26":{"start":{"line":53,"column":0},"end":{"line":53,"column":51}},"27":{"start":{"line":54,"column":0},"end":{"line":58,"column":2}},"28":{"start":{"line":59,"column":0},"end":{"line":63,"column":2}},"29":{"start":{"line":71,"column":0},"end":{"line":71,"column":72}},"30":{"start":{"line":73,"column":0},"end":{"line":73,"column":24}},"31":{"start":{"line":75,"column":0},"end":{"line":75,"column":24}}},"fnMap":{},"branchMap":{"0":{"loc":{"start":{"line":23,"column":4},"end":{"line":25,"column":31}},"type":"cond-expr","locations":[{"start":{"line":24,"column":8},"end":{"line":24,"column":55}},{"start":{"line":25,"column":8},"end":{"line":25,"column":31}}],"line":23}},"s":{"0":4,"1":4,"2":4,"3":4,"4":4,"5":4,"6":4,"7":4,"8":4,"9":4,"10":4,"11":4,"12":4,"13":4,"14":4,"15":4,"16":4,"17":4,"18":4,"19":4,"20":4,"21":4,"22":4,"23":4,"24":4,"25":4,"26":4,"27":4,"28":4,"29":4,"30":4,"31":4},"f":{},"b":{"0":[0,4]},"_coverageSchema":"1a1c01bbd47fc00a2c39e90264f33305004495a9","hash":"d0ae3930caa5fdd964f3f0151cd004425151f831"}
,"/home/joepock123/fac/student-project/week11-where-is-whippy/server-api/db/build.js": {"path":"/home/joepock123/fac/student-project/week11-where-is-whippy/server-api/db/build.js","statementMap":{"0":{"start":{"line":1,"column":13},"end":{"line":1,"column":28}},"1":{"start":{"line":2,"column":11},"end":{"line":2,"column":24}},"2":{"start":{"line":3,"column":11},"end":{"line":3,"column":34}},"3":{"start":{"line":5,"column":16},"end":{"line":5,"column":74}},"4":{"start":{"line":8,"column":2},"end":{"line":8,"column":26}},"5":{"start":{"line":13,"column":0},"end":{"line":17,"column":1}},"6":{"start":{"line":14,"column":2},"end":{"line":14,"column":91}},"7":{"start":{"line":15,"column":2},"end":{"line":15,"column":31}},"8":{"start":{"line":16,"column":2},"end":{"line":16,"column":9}},"9":{"start":{"line":19,"column":0},"end":{"line":19,"column":22}}},"fnMap":{"0":{"name":"build","decl":{"start":{"line":7,"column":9},"end":{"line":7,"column":14}},"loc":{"start":{"line":7,"column":17},"end":{"line":9,"column":1}},"line":7}},"branchMap":{"0":{"loc":{"start":{"line":13,"column":0},"end":{"line":17,"column":1}},"type":"if","locations":[{"start":{"line":13,"column":0},"end":{"line":17,"column":1}},{"start":{"line":13,"column":0},"end":{"line":17,"column":1}}],"line":13}},"s":{"0":4,"1":4,"2":4,"3":4,"4":11,"5":4,"6":0,"7":0,"8":0,"9":4},"f":{"0":11},"b":{"0":[0,4]},"_coverageSchema":"1a1c01bbd47fc00a2c39e90264f33305004495a9","hash":"06a3614db3ff61f038ca9875c39ee9a9fdffdd0f"}
,"/home/joepock123/fac/student-project/week11-where-is-whippy/server-api/db/connection.js": {"path":"/home/joepock123/fac/student-project/week11-where-is-whippy/server-api/db/connection.js","statementMap":{"0":{"start":{"line":1,"column":11},"end":{"line":1,"column":24}},"1":{"start":{"line":2,"column":16},"end":{"line":2,"column":33}},"2":{"start":{"line":3,"column":0},"end":{"line":3,"column":16}},"3":{"start":{"line":5,"column":11},"end":{"line":8,"column":2}},"4":{"start":{"line":10,"column":0},"end":{"line":10,"column":19}}},"fnMap":{},"branchMap":{},"s":{"0":4,"1":4,"2":4,"3":4,"4":4},"f":{},"b":{},"_coverageSchema":"1a1c01bbd47fc00a2c39e90264f33305004495a9","hash":"689c68d2c0224a9d548d5762564fb80b3dd6c2f1"}
,"/home/joepock123/fac/student-project/week11-where-is-whippy/server-api/handlers/customer-location-h.js": {"path":"/home/joepock123/fac/student-project/week11-where-is-whippy/server-api/handlers/customer-location-h.js","statementMap":{"0":{"start":{"line":1,"column":14},"end":{"line":1,"column":53}},"1":{"start":{"line":6,"column":2},"end":{"line":11,"column":16}},"2":{"start":{"line":9,"column":6},"end":{"line":9,"column":28}},"3":{"start":{"line":15,"column":21},"end":{"line":15,"column":40}},"4":{"start":{"line":16,"column":14},"end":{"line":16,"column":31}},"5":{"start":{"line":17,"column":14},"end":{"line":17,"column":32}},"6":{"start":{"line":18,"column":15},"end":{"line":18,"column":35}},"7":{"start":{"line":20,"column":2},"end":{"line":26,"column":16}},"8":{"start":{"line":23,"column":6},"end":{"line":23,"column":28}},"9":{"start":{"line":24,"column":6},"end":{"line":24,"column":33}},"10":{"start":{"line":44,"column":0},"end":{"line":47,"column":1}}},"fnMap":{"0":{"name":"allCustomerLocations","decl":{"start":{"line":4,"column":9},"end":{"line":4,"column":29}},"loc":{"start":{"line":4,"column":46},"end":{"line":12,"column":1}},"line":4},"1":{"name":"(anonymous_1)","decl":{"start":{"line":8,"column":10},"end":{"line":8,"column":11}},"loc":{"start":{"line":8,"column":28},"end":{"line":10,"column":5}},"line":8},"2":{"name":"addNewCustomerLocation","decl":{"start":{"line":14,"column":9},"end":{"line":14,"column":31}},"loc":{"start":{"line":14,"column":48},"end":{"line":27,"column":1}},"line":14},"3":{"name":"(anonymous_3)","decl":{"start":{"line":22,"column":10},"end":{"line":22,"column":11}},"loc":{"start":{"line":22,"column":25},"end":{"line":25,"column":5}},"line":22}},"branchMap":{},"s":{"0":4,"1":1,"2":1,"3":0,"4":0,"5":0,"6":0,"7":0,"8":0,"9":0,"10":4},"f":{"0":1,"1":1,"2":0,"3":0},"b":{},"_coverageSchema":"1a1c01bbd47fc00a2c39e90264f33305004495a9","hash":"18e374aa909ec906624ed5adf6f8ceb0bb29fd77"}
,"/home/joepock123/fac/student-project/week11-where-is-whippy/server-api/handlers/customers-h.js": {"path":"/home/joepock123/fac/student-project/week11-where-is-whippy/server-api/handlers/customers-h.js","statementMap":{"0":{"start":{"line":1,"column":12},"end":{"line":1,"column":35}},"1":{"start":{"line":2,"column":15},"end":{"line":2,"column":32}},"2":{"start":{"line":3,"column":15},"end":{"line":3,"column":32}},"3":{"start":{"line":5,"column":0},"end":{"line":5,"column":15}},"4":{"start":{"line":6,"column":15},"end":{"line":6,"column":37}},"5":{"start":{"line":8,"column":18},"end":{"line":8,"column":49}},"6":{"start":{"line":11,"column":2},"end":{"line":16,"column":16}},"7":{"start":{"line":14,"column":6},"end":{"line":14,"column":28}},"8":{"start":{"line":20,"column":22},"end":{"line":28,"column":3}},"9":{"start":{"line":30,"column":2},"end":{"line":42,"column":16}},"10":{"start":{"line":32,"column":20},"end":{"line":32,"column":56}},"11":{"start":{"line":34,"column":6},"end":{"line":34,"column":66}},"12":{"start":{"line":37,"column":20},"end":{"line":39,"column":8}},"13":{"start":{"line":40,"column":6},"end":{"line":40,"column":51}},"14":{"start":{"line":46,"column":16},"end":{"line":46,"column":30}},"15":{"start":{"line":47,"column":19},"end":{"line":47,"column":36}},"16":{"start":{"line":49,"column":2},"end":{"line":67,"column":16}},"17":{"start":{"line":52,"column":6},"end":{"line":65,"column":8}},"18":{"start":{"line":53,"column":8},"end":{"line":64,"column":9}},"19":{"start":{"line":54,"column":24},"end":{"line":56,"column":11}},"20":{"start":{"line":57,"column":10},"end":{"line":57,"column":28}},"21":{"start":{"line":58,"column":10},"end":{"line":58,"column":21}},"22":{"start":{"line":60,"column":24},"end":{"line":62,"column":12}},"23":{"start":{"line":63,"column":10},"end":{"line":63,"column":55}},"24":{"start":{"line":71,"column":21},"end":{"line":71,"column":34}},"25":{"start":{"line":72,"column":2},"end":{"line":77,"column":16}},"26":{"start":{"line":75,"column":6},"end":{"line":75,"column":32}},"27":{"start":{"line":80,"column":0},"end":{"line":85,"column":1}}},"fnMap":{"0":{"name":"allCustomers","decl":{"start":{"line":10,"column":9},"end":{"line":10,"column":21}},"loc":{"start":{"line":10,"column":38},"end":{"line":17,"column":1}},"line":10},"1":{"name":"(anonymous_1)","decl":{"start":{"line":13,"column":10},"end":{"line":13,"column":11}},"loc":{"start":{"line":13,"column":28},"end":{"line":15,"column":5}},"line":13},"2":{"name":"createCustomer","decl":{"start":{"line":19,"column":9},"end":{"line":19,"column":23}},"loc":{"start":{"line":19,"column":40},"end":{"line":43,"column":1}},"line":19},"3":{"name":"(anonymous_3)","decl":{"start":{"line":32,"column":10},"end":{"line":32,"column":11}},"loc":{"start":{"line":32,"column":20},"end":{"line":32,"column":56}},"line":32},"4":{"name":"(anonymous_4)","decl":{"start":{"line":33,"column":10},"end":{"line":33,"column":11}},"loc":{"start":{"line":34,"column":6},"end":{"line":34,"column":66}},"line":34},"5":{"name":"(anonymous_5)","decl":{"start":{"line":36,"column":10},"end":{"line":36,"column":11}},"loc":{"start":{"line":36,"column":24},"end":{"line":41,"column":5}},"line":36},"6":{"name":"loginCustomer","decl":{"start":{"line":45,"column":9},"end":{"line":45,"column":22}},"loc":{"start":{"line":45,"column":39},"end":{"line":68,"column":1}},"line":45},"7":{"name":"(anonymous_7)","decl":{"start":{"line":51,"column":10},"end":{"line":51,"column":11}},"loc":{"start":{"line":51,"column":24},"end":{"line":66,"column":5}},"line":51},"8":{"name":"(anonymous_8)","decl":{"start":{"line":52,"column":55},"end":{"line":52,"column":56}},"loc":{"start":{"line":52,"column":66},"end":{"line":65,"column":7}},"line":52},"9":{"name":"getSpecificCustomer","decl":{"start":{"line":70,"column":9},"end":{"line":70,"column":28}},"loc":{"start":{"line":70,"column":45},"end":{"line":78,"column":1}},"line":70},"10":{"name":"(anonymous_10)","decl":{"start":{"line":74,"column":10},"end":{"line":74,"column":11}},"loc":{"start":{"line":74,"column":32},"end":{"line":76,"column":5}},"line":74}},"branchMap":{"0":{"loc":{"start":{"line":53,"column":8},"end":{"line":64,"column":9}},"type":"if","locations":[{"start":{"line":53,"column":8},"end":{"line":64,"column":9}},{"start":{"line":53,"column":8},"end":{"line":64,"column":9}}],"line":53}},"s":{"0":4,"1":4,"2":4,"3":4,"4":4,"5":4,"6":0,"7":0,"8":0,"9":0,"10":0,"11":0,"12":0,"13":0,"14":0,"15":0,"16":0,"17":0,"18":0,"19":0,"20":0,"21":0,"22":0,"23":0,"24":0,"25":0,"26":0,"27":4},"f":{"0":0,"1":0,"2":0,"3":0,"4":0,"5":0,"6":0,"7":0,"8":0,"9":0,"10":0},"b":{"0":[0,0]},"_coverageSchema":"1a1c01bbd47fc00a2c39e90264f33305004495a9","hash":"972aa8bda3beacedcc7ee197e798d13f82957a00"}
,"/home/joepock123/fac/student-project/week11-where-is-whippy/server-api/handlers/vendor-location-h.js": {"path":"/home/joepock123/fac/student-project/week11-where-is-whippy/server-api/handlers/vendor-location-h.js","statementMap":{"0":{"start":{"line":1,"column":14},"end":{"line":1,"column":51}},"1":{"start":{"line":4,"column":2},"end":{"line":9,"column":16}},"2":{"start":{"line":7,"column":6},"end":{"line":7,"column":28}},"3":{"start":{"line":13,"column":19},"end":{"line":13,"column":36}},"4":{"start":{"line":14,"column":14},"end":{"line":14,"column":31}},"5":{"start":{"line":15,"column":14},"end":{"line":15,"column":32}},"6":{"start":{"line":17,"column":2},"end":{"line":22,"column":16}},"7":{"start":{"line":20,"column":6},"end":{"line":20,"column":33}},"8":{"start":{"line":25,"column":0},"end":{"line":25,"column":61}}},"fnMap":{"0":{"name":"allVendorLocations","decl":{"start":{"line":3,"column":9},"end":{"line":3,"column":27}},"loc":{"start":{"line":3,"column":44},"end":{"line":10,"column":1}},"line":3},"1":{"name":"(anonymous_1)","decl":{"start":{"line":6,"column":10},"end":{"line":6,"column":11}},"loc":{"start":{"line":6,"column":28},"end":{"line":8,"column":5}},"line":6},"2":{"name":"addNewVendorLocation","decl":{"start":{"line":12,"column":9},"end":{"line":12,"column":29}},"loc":{"start":{"line":12,"column":46},"end":{"line":23,"column":1}},"line":12},"3":{"name":"(anonymous_3)","decl":{"start":{"line":19,"column":10},"end":{"line":19,"column":11}},"loc":{"start":{"line":19,"column":25},"end":{"line":21,"column":5}},"line":19}},"branchMap":{},"s":{"0":4,"1":0,"2":0,"3":0,"4":0,"5":0,"6":0,"7":0,"8":4},"f":{"0":0,"1":0,"2":0,"3":0},"b":{},"_coverageSchema":"1a1c01bbd47fc00a2c39e90264f33305004495a9","hash":"491521fc795d6238464d56da7a03a98c6ad28669"}
,"/home/joepock123/fac/student-project/week11-where-is-whippy/server-api/handlers/vendor-routes-h.js": {"path":"/home/joepock123/fac/student-project/week11-where-is-whippy/server-api/handlers/vendor-routes-h.js","statementMap":{"0":{"start":{"line":1,"column":14},"end":{"line":1,"column":49}},"1":{"start":{"line":4,"column":2},"end":{"line":23,"column":4}},"2":{"start":{"line":5,"column":4},"end":{"line":22,"column":5}},"3":{"start":{"line":6,"column":6},"end":{"line":6,"column":71}},"4":{"start":{"line":8,"column":25},"end":{"line":10,"column":8}},"5":{"start":{"line":9,"column":8},"end":{"line":9,"column":44}},"6":{"start":{"line":16,"column":6},"end":{"line":21,"column":20}},"7":{"start":{"line":18,"column":32},"end":{"line":18,"column":78}},"8":{"start":{"line":18,"column":63},"end":{"line":18,"column":77}},"9":{"start":{"line":19,"column":10},"end":{"line":19,"column":47}},"10":{"start":{"line":27,"column":20},"end":{"line":27,"column":35}},"11":{"start":{"line":29,"column":2},"end":{"line":34,"column":16}},"12":{"start":{"line":32,"column":6},"end":{"line":32,"column":24}},"13":{"start":{"line":38,"column":20},"end":{"line":38,"column":35}},"14":{"start":{"line":39,"column":2},"end":{"line":42,"column":16}},"15":{"start":{"line":41,"column":22},"end":{"line":41,"column":41}},"16":{"start":{"line":45,"column":0},"end":{"line":45,"column":58}}},"fnMap":{"0":{"name":"createNewRoute","decl":{"start":{"line":3,"column":9},"end":{"line":3,"column":23}},"loc":{"start":{"line":3,"column":40},"end":{"line":24,"column":1}},"line":3},"1":{"name":"(anonymous_1)","decl":{"start":{"line":4,"column":60},"end":{"line":4,"column":61}},"loc":{"start":{"line":4,"column":73},"end":{"line":23,"column":3}},"line":4},"2":{"name":"(anonymous_2)","decl":{"start":{"line":8,"column":38},"end":{"line":8,"column":39}},"loc":{"start":{"line":8,"column":47},"end":{"line":10,"column":7}},"line":8},"3":{"name":"(anonymous_3)","decl":{"start":{"line":17,"column":14},"end":{"line":17,"column":15}},"loc":{"start":{"line":17,"column":34},"end":{"line":20,"column":9}},"line":17},"4":{"name":"(anonymous_4)","decl":{"start":{"line":18,"column":51},"end":{"line":18,"column":52}},"loc":{"start":{"line":18,"column":63},"end":{"line":18,"column":77}},"line":18},"5":{"name":"getRoute","decl":{"start":{"line":26,"column":9},"end":{"line":26,"column":17}},"loc":{"start":{"line":26,"column":34},"end":{"line":35,"column":1}},"line":26},"6":{"name":"(anonymous_6)","decl":{"start":{"line":31,"column":10},"end":{"line":31,"column":11}},"loc":{"start":{"line":31,"column":24},"end":{"line":33,"column":5}},"line":31},"7":{"name":"deleteRoute","decl":{"start":{"line":37,"column":9},"end":{"line":37,"column":20}},"loc":{"start":{"line":37,"column":37},"end":{"line":43,"column":1}},"line":37},"8":{"name":"(anonymous_8)","decl":{"start":{"line":41,"column":10},"end":{"line":41,"column":11}},"loc":{"start":{"line":41,"column":22},"end":{"line":41,"column":41}},"line":41}},"branchMap":{"0":{"loc":{"start":{"line":5,"column":4},"end":{"line":22,"column":5}},"type":"if","locations":[{"start":{"line":5,"column":4},"end":{"line":22,"column":5}},{"start":{"line":5,"column":4},"end":{"line":22,"column":5}}],"line":5}},"s":{"0":4,"1":1,"2":1,"3":0,"4":1,"5":3,"6":1,"7":1,"8":3,"9":1,"10":0,"11":0,"12":0,"13":0,"14":0,"15":0,"16":4},"f":{"0":1,"1":1,"2":3,"3":1,"4":3,"5":0,"6":0,"7":0,"8":0},"b":{"0":[0,1]},"_coverageSchema":"1a1c01bbd47fc00a2c39e90264f33305004495a9","hash":"d3149a78fa8793427a1cec19f22126405aebcf2c"}
,"/home/joepock123/fac/student-project/week11-where-is-whippy/server-api/handlers/vendors-h.js": {"path":"/home/joepock123/fac/student-project/week11-where-is-whippy/server-api/handlers/vendors-h.js","statementMap":{"0":{"start":{"line":1,"column":12},"end":{"line":1,"column":35}},"1":{"start":{"line":2,"column":15},"end":{"line":2,"column":32}},"2":{"start":{"line":3,"column":15},"end":{"line":3,"column":32}},"3":{"start":{"line":5,"column":0},"end":{"line":5,"column":15}},"4":{"start":{"line":6,"column":15},"end":{"line":6,"column":37}},"5":{"start":{"line":8,"column":16},"end":{"line":8,"column":45}},"6":{"start":{"line":11,"column":2},"end":{"line":16,"column":16}},"7":{"start":{"line":14,"column":6},"end":{"line":14,"column":26}},"8":{"start":{"line":20,"column":19},"end":{"line":20,"column":32}},"9":{"start":{"line":21,"column":2},"end":{"line":24,"column":16}},"10":{"start":{"line":23,"column":22},"end":{"line":23,"column":38}},"11":{"start":{"line":28,"column":20},"end":{"line":36,"column":3}},"12":{"start":{"line":38,"column":2},"end":{"line":48,"column":16}},"13":{"start":{"line":40,"column":20},"end":{"line":40,"column":56}},"14":{"start":{"line":41,"column":20},"end":{"line":41,"column":74}},"15":{"start":{"line":43,"column":20},"end":{"line":45,"column":8}},"16":{"start":{"line":46,"column":6},"end":{"line":46,"column":51}},"17":{"start":{"line":52,"column":16},"end":{"line":52,"column":30}},"18":{"start":{"line":53,"column":19},"end":{"line":53,"column":36}},"19":{"start":{"line":55,"column":2},"end":{"line":71,"column":16}},"20":{"start":{"line":58,"column":6},"end":{"line":69,"column":8}},"21":{"start":{"line":59,"column":8},"end":{"line":68,"column":9}},"22":{"start":{"line":60,"column":24},"end":{"line":60,"column":49}},"23":{"start":{"line":61,"column":10},"end":{"line":61,"column":28}},"24":{"start":{"line":62,"column":10},"end":{"line":62,"column":21}},"25":{"start":{"line":64,"column":24},"end":{"line":66,"column":12}},"26":{"start":{"line":67,"column":10},"end":{"line":67,"column":55}},"27":{"start":{"line":74,"column":0},"end":{"line":74,"column":77}}},"fnMap":{"0":{"name":"allVendors","decl":{"start":{"line":10,"column":9},"end":{"line":10,"column":19}},"loc":{"start":{"line":10,"column":36},"end":{"line":17,"column":1}},"line":10},"1":{"name":"(anonymous_1)","decl":{"start":{"line":13,"column":10},"end":{"line":13,"column":11}},"loc":{"start":{"line":13,"column":26},"end":{"line":15,"column":5}},"line":13},"2":{"name":"getSpecificVendor","decl":{"start":{"line":19,"column":9},"end":{"line":19,"column":26}},"loc":{"start":{"line":19,"column":43},"end":{"line":25,"column":1}},"line":19},"3":{"name":"(anonymous_3)","decl":{"start":{"line":23,"column":10},"end":{"line":23,"column":11}},"loc":{"start":{"line":23,"column":22},"end":{"line":23,"column":38}},"line":23},"4":{"name":"createVendor","decl":{"start":{"line":27,"column":9},"end":{"line":27,"column":21}},"loc":{"start":{"line":27,"column":38},"end":{"line":49,"column":1}},"line":27},"5":{"name":"(anonymous_5)","decl":{"start":{"line":40,"column":10},"end":{"line":40,"column":11}},"loc":{"start":{"line":40,"column":20},"end":{"line":40,"column":56}},"line":40},"6":{"name":"(anonymous_6)","decl":{"start":{"line":41,"column":10},"end":{"line":41,"column":11}},"loc":{"start":{"line":41,"column":20},"end":{"line":41,"column":74}},"line":41},"7":{"name":"(anonymous_7)","decl":{"start":{"line":42,"column":10},"end":{"line":42,"column":11}},"loc":{"start":{"line":42,"column":25},"end":{"line":47,"column":5}},"line":42},"8":{"name":"loginVendor","decl":{"start":{"line":51,"column":9},"end":{"line":51,"column":20}},"loc":{"start":{"line":51,"column":37},"end":{"line":72,"column":1}},"line":51},"9":{"name":"(anonymous_9)","decl":{"start":{"line":57,"column":10},"end":{"line":57,"column":11}},"loc":{"start":{"line":57,"column":22},"end":{"line":70,"column":5}},"line":57},"10":{"name":"(anonymous_10)","decl":{"start":{"line":58,"column":53},"end":{"line":58,"column":54}},"loc":{"start":{"line":58,"column":64},"end":{"line":69,"column":7}},"line":58}},"branchMap":{"0":{"loc":{"start":{"line":59,"column":8},"end":{"line":68,"column":9}},"type":"if","locations":[{"start":{"line":59,"column":8},"end":{"line":68,"column":9}},{"start":{"line":59,"column":8},"end":{"line":68,"column":9}}],"line":59}},"s":{"0":4,"1":4,"2":4,"3":4,"4":4,"5":4,"6":0,"7":0,"8":0,"9":0,"10":0,"11":0,"12":0,"13":0,"14":0,"15":0,"16":0,"17":0,"18":0,"19":0,"20":0,"21":0,"22":0,"23":0,"24":0,"25":0,"26":0,"27":4},"f":{"0":0,"1":0,"2":0,"3":0,"4":0,"5":0,"6":0,"7":0,"8":0,"9":0,"10":0},"b":{"0":[0,0]},"_coverageSchema":"1a1c01bbd47fc00a2c39e90264f33305004495a9","hash":"41c9b3c260b4b29fe895ceb945f00b7ac7e61c01"}
,"/home/joepock123/fac/student-project/week11-where-is-whippy/server-api/middleware/auth.js": {"path":"/home/joepock123/fac/student-project/week11-where-is-whippy/server-api/middleware/auth.js","statementMap":{"0":{"start":{"line":1,"column":12},"end":{"line":1,"column":35}},"1":{"start":{"line":2,"column":22},"end":{"line":2,"column":53}},"2":{"start":{"line":3,"column":20},"end":{"line":3,"column":49}},"3":{"start":{"line":5,"column":0},"end":{"line":5,"column":26}},"4":{"start":{"line":7,"column":15},"end":{"line":7,"column":37}},"5":{"start":{"line":10,"column":21},"end":{"line":10,"column":46}},"6":{"start":{"line":11,"column":2},"end":{"line":15,"column":3}},"7":{"start":{"line":12,"column":18},"end":{"line":12,"column":60}},"8":{"start":{"line":13,"column":4},"end":{"line":13,"column":22}},"9":{"start":{"line":14,"column":4},"end":{"line":14,"column":15}},"10":{"start":{"line":16,"column":16},"end":{"line":16,"column":49}},"11":{"start":{"line":17,"column":2},"end":{"line":31,"column":3}},"12":{"start":{"line":18,"column":17},"end":{"line":18,"column":42}},"13":{"start":{"line":19,"column":4},"end":{"line":19,"column":21}},"14":{"start":{"line":20,"column":4},"end":{"line":26,"column":18}},"15":{"start":{"line":23,"column":8},"end":{"line":23,"column":23}},"16":{"start":{"line":24,"column":8},"end":{"line":24,"column":14}},"17":{"start":{"line":28,"column":18},"end":{"line":28,"column":43}},"18":{"start":{"line":29,"column":4},"end":{"line":29,"column":22}},"19":{"start":{"line":30,"column":4},"end":{"line":30,"column":15}},"20":{"start":{"line":35,"column":21},"end":{"line":35,"column":46}},"21":{"start":{"line":36,"column":2},"end":{"line":36,"column":41}},"22":{"start":{"line":37,"column":2},"end":{"line":41,"column":3}},"23":{"start":{"line":38,"column":18},"end":{"line":38,"column":60}},"24":{"start":{"line":39,"column":4},"end":{"line":39,"column":22}},"25":{"start":{"line":40,"column":4},"end":{"line":40,"column":15}},"26":{"start":{"line":42,"column":16},"end":{"line":42,"column":49}},"27":{"start":{"line":43,"column":2},"end":{"line":57,"column":3}},"28":{"start":{"line":44,"column":17},"end":{"line":44,"column":42}},"29":{"start":{"line":45,"column":4},"end":{"line":45,"column":30}},"30":{"start":{"line":46,"column":4},"end":{"line":52,"column":18}},"31":{"start":{"line":49,"column":8},"end":{"line":49,"column":23}},"32":{"start":{"line":50,"column":8},"end":{"line":50,"column":14}},"33":{"start":{"line":54,"column":18},"end":{"line":54,"column":43}},"34":{"start":{"line":55,"column":4},"end":{"line":55,"column":22}},"35":{"start":{"line":56,"column":4},"end":{"line":56,"column":15}},"36":{"start":{"line":60,"column":0},"end":{"line":60,"column":49}}},"fnMap":{"0":{"name":"verifyCustomer","decl":{"start":{"line":9,"column":9},"end":{"line":9,"column":23}},"loc":{"start":{"line":9,"column":40},"end":{"line":32,"column":1}},"line":9},"1":{"name":"(anonymous_1)","decl":{"start":{"line":22,"column":12},"end":{"line":22,"column":13}},"loc":{"start":{"line":22,"column":22},"end":{"line":25,"column":7}},"line":22},"2":{"name":"verifyVendor","decl":{"start":{"line":34,"column":9},"end":{"line":34,"column":21}},"loc":{"start":{"line":34,"column":38},"end":{"line":58,"column":1}},"line":34},"3":{"name":"(anonymous_3)","decl":{"start":{"line":48,"column":12},"end":{"line":48,"column":13}},"loc":{"start":{"line":48,"column":22},"end":{"line":51,"column":7}},"line":48}},"branchMap":{"0":{"loc":{"start":{"line":11,"column":2},"end":{"line":15,"column":3}},"type":"if","locations":[{"start":{"line":11,"column":2},"end":{"line":15,"column":3}},{"start":{"line":11,"column":2},"end":{"line":15,"column":3}}],"line":11},"1":{"loc":{"start":{"line":37,"column":2},"end":{"line":41,"column":3}},"type":"if","locations":[{"start":{"line":37,"column":2},"end":{"line":41,"column":3}},{"start":{"line":37,"column":2},"end":{"line":41,"column":3}}],"line":37}},"s":{"0":4,"1":4,"2":4,"3":4,"4":4,"5":0,"6":0,"7":0,"8":0,"9":0,"10":0,"11":0,"12":0,"13":0,"14":0,"15":0,"16":0,"17":0,"18":0,"19":0,"20":0,"21":0,"22":0,"23":0,"24":0,"25":0,"26":0,"27":0,"28":0,"29":0,"30":0,"31":0,"32":0,"33":0,"34":0,"35":0,"36":4},"f":{"0":0,"1":0,"2":0,"3":0},"b":{"0":[0,0],"1":[0,0]},"_coverageSchema":"1a1c01bbd47fc00a2c39e90264f33305004495a9","hash":"467b1c9597b5e15e284c6bbc0e506035a49581a8"}
,"/home/joepock123/fac/student-project/week11-where-is-whippy/server-api/middleware/handleError.js": {"path":"/home/joepock123/fac/student-project/week11-where-is-whippy/server-api/middleware/handleError.js","statementMap":{"0":{"start":{"line":1,"column":25},"end":{"line":1,"column":40}},"1":{"start":{"line":5,"column":2},"end":{"line":5,"column":22}},"2":{"start":{"line":6,"column":17},"end":{"line":6,"column":36}},"3":{"start":{"line":7,"column":2},"end":{"line":7,"column":20}},"4":{"start":{"line":8,"column":18},"end":{"line":8,"column":38}},"5":{"start":{"line":9,"column":2},"end":{"line":17,"column":3}},"6":{"start":{"line":10,"column":4},"end":{"line":10,"column":32}},"7":{"start":{"line":12,"column":23},"end":{"line":12,"column":73}},"8":{"start":{"line":12,"column":61},"end":{"line":12,"column":72}},"9":{"start":{"line":13,"column":4},"end":{"line":16,"column":6}},"10":{"start":{"line":20,"column":0},"end":{"line":20,"column":28}}},"fnMap":{"0":{"name":"handleError","decl":{"start":{"line":4,"column":9},"end":{"line":4,"column":20}},"loc":{"start":{"line":4,"column":44},"end":{"line":18,"column":1}},"line":4},"1":{"name":"(anonymous_1)","decl":{"start":{"line":12,"column":51},"end":{"line":12,"column":52}},"loc":{"start":{"line":12,"column":61},"end":{"line":12,"column":72}},"line":12}},"branchMap":{"0":{"loc":{"start":{"line":6,"column":17},"end":{"line":6,"column":36}},"type":"binary-expr","locations":[{"start":{"line":6,"column":17},"end":{"line":6,"column":29}},{"start":{"line":6,"column":33},"end":{"line":6,"column":36}}],"line":6},"1":{"loc":{"start":{"line":9,"column":2},"end":{"line":17,"column":3}},"type":"if","locations":[{"start":{"line":9,"column":2},"end":{"line":17,"column":3}},{"start":{"line":9,"column":2},"end":{"line":17,"column":3}}],"line":9}},"s":{"0":4,"1":0,"2":0,"3":0,"4":0,"5":0,"6":0,"7":0,"8":0,"9":0,"10":4},"f":{"0":0,"1":0},"b":{"0":[0,0],"1":[0,0]},"_coverageSchema":"1a1c01bbd47fc00a2c39e90264f33305004495a9","hash":"ed93248ada80003cb498ee7d541aa688747f8b80"}
,"/home/joepock123/fac/student-project/week11-where-is-whippy/server-api/middleware/logger.js": {"path":"/home/joepock123/fac/student-project/week11-where-is-whippy/server-api/middleware/logger.js","statementMap":{"0":{"start":{"line":2,"column":15},"end":{"line":2,"column":46}},"1":{"start":{"line":3,"column":2},"end":{"line":3,"column":49}},"2":{"start":{"line":4,"column":2},"end":{"line":4,"column":8}},"3":{"start":{"line":7,"column":0},"end":{"line":7,"column":23}}},"fnMap":{"0":{"name":"logger","decl":{"start":{"line":1,"column":9},"end":{"line":1,"column":15}},"loc":{"start":{"line":1,"column":32},"end":{"line":5,"column":1}},"line":1}},"branchMap":{},"s":{"0":2,"1":2,"2":2,"3":4},"f":{"0":2},"b":{},"_coverageSchema":"1a1c01bbd47fc00a2c39e90264f33305004495a9","hash":"a6c728efeeb8a17aa73069ad311a4aa5d4287214"}
,"/home/joepock123/fac/student-project/week11-where-is-whippy/server-api/model/customer-location-m.js": {"path":"/home/joepock123/fac/student-project/week11-where-is-whippy/server-api/model/customer-location-m.js","statementMap":{"0":{"start":{"line":1,"column":11},"end":{"line":1,"column":38}},"1":{"start":{"line":4,"column":2},"end":{"line":6,"column":36}},"2":{"start":{"line":6,"column":23},"end":{"line":6,"column":35}},"3":{"start":{"line":10,"column":2},"end":{"line":13,"column":3}},"4":{"start":{"line":16,"column":0},"end":{"line":16,"column":68}}},"fnMap":{"0":{"name":"getAllCustomerLocations","decl":{"start":{"line":3,"column":9},"end":{"line":3,"column":32}},"loc":{"start":{"line":3,"column":35},"end":{"line":7,"column":1}},"line":3},"1":{"name":"(anonymous_1)","decl":{"start":{"line":6,"column":10},"end":{"line":6,"column":11}},"loc":{"start":{"line":6,"column":23},"end":{"line":6,"column":35}},"line":6},"2":{"name":"addNewCustomerLocation","decl":{"start":{"line":9,"column":9},"end":{"line":9,"column":31}},"loc":{"start":{"line":9,"column":78},"end":{"line":14,"column":1}},"line":9}},"branchMap":{},"s":{"0":4,"1":4,"2":4,"3":1,"4":4},"f":{"0":4,"1":4,"2":1},"b":{},"_coverageSchema":"1a1c01bbd47fc00a2c39e90264f33305004495a9","hash":"373da34763c91f5b2c60468afcdb602d8f05a8cd"}
,"/home/joepock123/fac/student-project/week11-where-is-whippy/server-api/model/customers-m.js": {"path":"/home/joepock123/fac/student-project/week11-where-is-whippy/server-api/model/customers-m.js","statementMap":{"0":{"start":{"line":1,"column":11},"end":{"line":1,"column":38}},"1":{"start":{"line":4,"column":2},"end":{"line":4,"column":77}},"2":{"start":{"line":4,"column":64},"end":{"line":4,"column":76}},"3":{"start":{"line":8,"column":2},"end":{"line":8,"column":44}},"4":{"start":{"line":9,"column":2},"end":{"line":12,"column":28}},"5":{"start":{"line":11,"column":20},"end":{"line":11,"column":32}},"6":{"start":{"line":12,"column":22},"end":{"line":12,"column":27}},"7":{"start":{"line":16,"column":2},"end":{"line":18,"column":33}},"8":{"start":{"line":18,"column":20},"end":{"line":18,"column":32}},"9":{"start":{"line":22,"column":2},"end":{"line":33,"column":3}},"10":{"start":{"line":36,"column":0},"end":{"line":41,"column":1}}},"fnMap":{"0":{"name":"getAllCustomers","decl":{"start":{"line":3,"column":9},"end":{"line":3,"column":24}},"loc":{"start":{"line":3,"column":27},"end":{"line":5,"column":1}},"line":3},"1":{"name":"(anonymous_1)","decl":{"start":{"line":4,"column":51},"end":{"line":4,"column":52}},"loc":{"start":{"line":4,"column":64},"end":{"line":4,"column":76}},"line":4},"2":{"name":"getCustomer","decl":{"start":{"line":7,"column":9},"end":{"line":7,"column":20}},"loc":{"start":{"line":7,"column":28},"end":{"line":13,"column":1}},"line":7},"3":{"name":"(anonymous_3)","decl":{"start":{"line":11,"column":10},"end":{"line":11,"column":11}},"loc":{"start":{"line":11,"column":20},"end":{"line":11,"column":32}},"line":11},"4":{"name":"(anonymous_4)","decl":{"start":{"line":12,"column":11},"end":{"line":12,"column":12}},"loc":{"start":{"line":12,"column":22},"end":{"line":12,"column":27}},"line":12},"5":{"name":"getSpecificCustomer","decl":{"start":{"line":15,"column":9},"end":{"line":15,"column":28}},"loc":{"start":{"line":15,"column":33},"end":{"line":19,"column":1}},"line":15},"6":{"name":"(anonymous_6)","decl":{"start":{"line":18,"column":10},"end":{"line":18,"column":11}},"loc":{"start":{"line":18,"column":20},"end":{"line":18,"column":32}},"line":18},"7":{"name":"createCustomer","decl":{"start":{"line":21,"column":9},"end":{"line":21,"column":23}},"loc":{"start":{"line":21,"column":37},"end":{"line":34,"column":1}},"line":21}},"branchMap":{},"s":{"0":4,"1":0,"2":0,"3":0,"4":0,"5":0,"6":0,"7":0,"8":0,"9":0,"10":4},"f":{"0":0,"1":0,"2":0,"3":0,"4":0,"5":0,"6":0,"7":0},"b":{},"_coverageSchema":"1a1c01bbd47fc00a2c39e90264f33305004495a9","hash":"1579e04a205b9b96618aec5ba18accb782ac3a27"}
,"/home/joepock123/fac/student-project/week11-where-is-whippy/server-api/model/vendor-location-m.js": {"path":"/home/joepock123/fac/student-project/week11-where-is-whippy/server-api/model/vendor-location-m.js","statementMap":{"0":{"start":{"line":1,"column":11},"end":{"line":1,"column":38}},"1":{"start":{"line":4,"column":2},"end":{"line":6,"column":34}},"2":{"start":{"line":6,"column":22},"end":{"line":6,"column":33}},"3":{"start":{"line":10,"column":2},"end":{"line":13,"column":3}},"4":{"start":{"line":16,"column":0},"end":{"line":16,"column":64}}},"fnMap":{"0":{"name":"getAllVendorLocations","decl":{"start":{"line":3,"column":9},"end":{"line":3,"column":30}},"loc":{"start":{"line":3,"column":33},"end":{"line":7,"column":1}},"line":3},"1":{"name":"(anonymous_1)","decl":{"start":{"line":6,"column":10},"end":{"line":6,"column":11}},"loc":{"start":{"line":6,"column":22},"end":{"line":6,"column":33}},"line":6},"2":{"name":"addNewVendorLocation","decl":{"start":{"line":9,"column":9},"end":{"line":9,"column":29}},"loc":{"start":{"line":9,"column":61},"end":{"line":14,"column":1}},"line":9}},"branchMap":{},"s":{"0":4,"1":0,"2":0,"3":0,"4":4},"f":{"0":0,"1":0,"2":0},"b":{},"_coverageSchema":"1a1c01bbd47fc00a2c39e90264f33305004495a9","hash":"6450ce1352d1fcd51810d5630dd001f25ad7030b"}
,"/home/joepock123/fac/student-project/week11-where-is-whippy/server-api/model/vendor-routes-m.js": {"path":"/home/joepock123/fac/student-project/week11-where-is-whippy/server-api/model/vendor-routes-m.js","statementMap":{"0":{"start":{"line":1,"column":11},"end":{"line":1,"column":38}},"1":{"start":{"line":4,"column":2},"end":{"line":14,"column":3}},"2":{"start":{"line":18,"column":2},"end":{"line":23,"column":36}},"3":{"start":{"line":23,"column":23},"end":{"line":23,"column":35}},"4":{"start":{"line":27,"column":2},"end":{"line":29,"column":4}},"5":{"start":{"line":32,"column":0},"end":{"line":32,"column":75}}},"fnMap":{"0":{"name":"createNewRouteStop","decl":{"start":{"line":3,"column":9},"end":{"line":3,"column":27}},"loc":{"start":{"line":3,"column":39},"end":{"line":15,"column":1}},"line":3},"1":{"name":"getAllStopsInOneRoute","decl":{"start":{"line":17,"column":9},"end":{"line":17,"column":30}},"loc":{"start":{"line":17,"column":37},"end":{"line":24,"column":1}},"line":17},"2":{"name":"(anonymous_2)","decl":{"start":{"line":23,"column":10},"end":{"line":23,"column":11}},"loc":{"start":{"line":23,"column":23},"end":{"line":23,"column":35}},"line":23},"3":{"name":"deleteRoute","decl":{"start":{"line":26,"column":9},"end":{"line":26,"column":20}},"loc":{"start":{"line":26,"column":27},"end":{"line":30,"column":1}},"line":26}},"branchMap":{},"s":{"0":4,"1":4,"2":1,"3":1,"4":0,"5":4},"f":{"0":4,"1":1,"2":1,"3":0},"b":{},"_coverageSchema":"1a1c01bbd47fc00a2c39e90264f33305004495a9","hash":"23e5ac00817a242413d8ef8b769ce638f7156edb"}
,"/home/joepock123/fac/student-project/week11-where-is-whippy/server-api/model/vendors-m.js": {"path":"/home/joepock123/fac/student-project/week11-where-is-whippy/server-api/model/vendors-m.js","statementMap":{"0":{"start":{"line":1,"column":11},"end":{"line":1,"column":38}},"1":{"start":{"line":4,"column":2},"end":{"line":4,"column":76}},"2":{"start":{"line":4,"column":62},"end":{"line":4,"column":74}},"3":{"start":{"line":8,"column":2},"end":{"line":10,"column":34}},"4":{"start":{"line":10,"column":20},"end":{"line":10,"column":32}},"5":{"start":{"line":14,"column":2},"end":{"line":16,"column":34}},"6":{"start":{"line":16,"column":20},"end":{"line":16,"column":32}},"7":{"start":{"line":20,"column":2},"end":{"line":31,"column":4}},"8":{"start":{"line":34,"column":0},"end":{"line":39,"column":2}}},"fnMap":{"0":{"name":"getAllVendors","decl":{"start":{"line":3,"column":9},"end":{"line":3,"column":22}},"loc":{"start":{"line":3,"column":25},"end":{"line":5,"column":1}},"line":3},"1":{"name":"(anonymous_1)","decl":{"start":{"line":4,"column":49},"end":{"line":4,"column":50}},"loc":{"start":{"line":4,"column":62},"end":{"line":4,"column":74}},"line":4},"2":{"name":"getVendorLogin","decl":{"start":{"line":7,"column":9},"end":{"line":7,"column":23}},"loc":{"start":{"line":7,"column":31},"end":{"line":11,"column":1}},"line":7},"3":{"name":"(anonymous_3)","decl":{"start":{"line":10,"column":10},"end":{"line":10,"column":11}},"loc":{"start":{"line":10,"column":20},"end":{"line":10,"column":32}},"line":10},"4":{"name":"getSpecificVendor","decl":{"start":{"line":13,"column":9},"end":{"line":13,"column":26}},"loc":{"start":{"line":13,"column":37},"end":{"line":17,"column":1}},"line":13},"5":{"name":"(anonymous_5)","decl":{"start":{"line":16,"column":10},"end":{"line":16,"column":11}},"loc":{"start":{"line":16,"column":20},"end":{"line":16,"column":32}},"line":16},"6":{"name":"createVendor","decl":{"start":{"line":19,"column":9},"end":{"line":19,"column":21}},"loc":{"start":{"line":19,"column":30},"end":{"line":32,"column":1}},"line":19}},"branchMap":{},"s":{"0":4,"1":0,"2":0,"3":1,"4":1,"5":0,"6":0,"7":1,"8":4},"f":{"0":0,"1":0,"2":1,"3":1,"4":0,"5":0,"6":1},"b":{},"_coverageSchema":"1a1c01bbd47fc00a2c39e90264f33305004495a9","hash":"c9d7a713aab79ddf0010a4daed8b273c5f1d5d7e"}
}
