TN:
SF:server.js
FNF:0
FNH:0
DA:1,4
DA:2,4
DA:5,4
DA:6,4
DA:7,4
DA:8,4
DA:9,4
DA:12,4
DA:13,4
DA:14,4
DA:16,4
DA:17,4
DA:18,4
DA:21,4
DA:29,4
DA:35,4
DA:36,4
DA:37,4
DA:38,4
DA:39,4
DA:40,4
DA:41,4
DA:44,4
DA:45,4
DA:46,4
DA:52,4
DA:53,4
DA:54,4
DA:59,4
DA:71,4
DA:73,4
DA:75,4
LF:32
LH:32
BRDA:23,0,0,0
BRDA:23,0,1,4
BRF:2
BRH:1
end_of_record
TN:
SF:db/build.js
FN:7,build
FNF:1
FNH:1
FNDA:11,build
DA:1,4
DA:2,4
DA:3,4
DA:5,4
DA:8,11
DA:13,4
DA:14,0
DA:15,0
DA:16,0
DA:19,4
LF:10
LH:7
BRDA:13,0,0,0
BRDA:13,0,1,4
BRF:2
BRH:1
end_of_record
TN:
SF:db/connection.js
FNF:0
FNH:0
DA:1,4
DA:2,4
DA:3,4
DA:5,4
DA:10,4
LF:5
LH:5
BRF:0
BRH:0
end_of_record
TN:
SF:handlers/customer-location-h.js
FN:4,allCustomerLocations
FN:8,(anonymous_1)
FN:14,addNewCustomerLocation
FN:22,(anonymous_3)
FNF:4
FNH:2
FNDA:1,allCustomerLocations
FNDA:1,(anonymous_1)
FNDA:0,addNewCustomerLocation
FNDA:0,(anonymous_3)
DA:1,4
DA:6,1
DA:9,1
DA:15,0
DA:16,0
DA:17,0
DA:18,0
DA:20,0
DA:23,0
DA:24,0
DA:44,4
LF:11
LH:4
BRF:0
BRH:0
end_of_record
TN:
SF:handlers/customers-h.js
FN:10,allCustomers
FN:13,(anonymous_1)
FN:19,createCustomer
FN:32,(anonymous_3)
FN:33,(anonymous_4)
FN:36,(anonymous_5)
FN:45,loginCustomer
FN:51,(anonymous_7)
FN:52,(anonymous_8)
FN:70,getSpecificCustomer
FN:74,(anonymous_10)
FNF:11
FNH:0
FNDA:0,allCustomers
FNDA:0,(anonymous_1)
FNDA:0,createCustomer
FNDA:0,(anonymous_3)
FNDA:0,(anonymous_4)
FNDA:0,(anonymous_5)
FNDA:0,loginCustomer
FNDA:0,(anonymous_7)
FNDA:0,(anonymous_8)
FNDA:0,getSpecificCustomer
FNDA:0,(anonymous_10)
DA:1,4
DA:2,4
DA:3,4
DA:5,4
DA:6,4
DA:8,4
DA:11,0
DA:14,0
DA:20,0
DA:30,0
DA:32,0
DA:34,0
DA:37,0
DA:40,0
DA:46,0
DA:47,0
DA:49,0
DA:52,0
DA:53,0
DA:54,0
DA:57,0
DA:58,0
DA:60,0
DA:63,0
DA:71,0
DA:72,0
DA:75,0
DA:80,4
LF:28
LH:7
BRDA:53,0,0,0
BRDA:53,0,1,0
BRF:2
BRH:0
end_of_record
TN:
SF:handlers/vendor-location-h.js
FN:3,allVendorLocations
FN:6,(anonymous_1)
FN:12,addNewVendorLocation
FN:19,(anonymous_3)
FNF:4
FNH:0
FNDA:0,allVendorLocations
FNDA:0,(anonymous_1)
FNDA:0,addNewVendorLocation
FNDA:0,(anonymous_3)
DA:1,4
DA:4,0
DA:7,0
DA:13,0
DA:14,0
DA:15,0
DA:17,0
DA:20,0
DA:25,4
LF:9
LH:2
BRF:0
BRH:0
end_of_record
TN:
SF:handlers/vendor-routes-h.js
FN:3,createNewRoute
FN:4,(anonymous_1)
FN:8,(anonymous_2)
FN:17,(anonymous_3)
FN:18,(anonymous_4)
FN:26,getRoute
FN:31,(anonymous_6)
FN:37,deleteRoute
FN:41,(anonymous_8)
FNF:9
FNH:5
FNDA:1,createNewRoute
FNDA:1,(anonymous_1)
FNDA:3,(anonymous_2)
FNDA:1,(anonymous_3)
FNDA:3,(anonymous_4)
FNDA:0,getRoute
FNDA:0,(anonymous_6)
FNDA:0,deleteRoute
FNDA:0,(anonymous_8)
DA:1,4
DA:4,1
DA:5,1
DA:6,0
DA:8,1
DA:9,3
DA:16,1
DA:18,3
DA:19,1
DA:27,0
DA:29,0
DA:32,0
DA:38,0
DA:39,0
DA:41,0
DA:45,4
LF:16
LH:9
BRDA:5,0,0,0
BRDA:5,0,1,1
BRF:2
BRH:1
end_of_record
TN:
SF:handlers/vendors-h.js
FN:10,allVendors
FN:13,(anonymous_1)
FN:19,getSpecificVendor
FN:23,(anonymous_3)
FN:27,createVendor
FN:40,(anonymous_5)
FN:41,(anonymous_6)
FN:42,(anonymous_7)
FN:51,loginVendor
FN:57,(anonymous_9)
FN:58,(anonymous_10)
FNF:11
FNH:0
FNDA:0,allVendors
FNDA:0,(anonymous_1)
FNDA:0,getSpecificVendor
FNDA:0,(anonymous_3)
FNDA:0,createVendor
FNDA:0,(anonymous_5)
FNDA:0,(anonymous_6)
FNDA:0,(anonymous_7)
FNDA:0,loginVendor
FNDA:0,(anonymous_9)
FNDA:0,(anonymous_10)
DA:1,4
DA:2,4
DA:3,4
DA:5,4
DA:6,4
DA:8,4
DA:11,0
DA:14,0
DA:20,0
DA:21,0
DA:23,0
DA:28,0
DA:38,0
DA:40,0
DA:41,0
DA:43,0
DA:46,0
DA:52,0
DA:53,0
DA:55,0
DA:58,0
DA:59,0
DA:60,0
DA:61,0
DA:62,0
DA:64,0
DA:67,0
DA:74,4
LF:28
LH:7
BRDA:59,0,0,0
BRDA:59,0,1,0
BRF:2
BRH:0
end_of_record
TN:
SF:middleware/auth.js
FN:9,verifyCustomer
FN:22,(anonymous_1)
FN:34,verifyVendor
FN:48,(anonymous_3)
FNF:4
FNH:0
FNDA:0,verifyCustomer
FNDA:0,(anonymous_1)
FNDA:0,verifyVendor
FNDA:0,(anonymous_3)
DA:1,4
DA:2,4
DA:3,4
DA:5,4
DA:7,4
DA:10,0
DA:11,0
DA:12,0
DA:13,0
DA:14,0
DA:16,0
DA:17,0
DA:18,0
DA:19,0
DA:20,0
DA:23,0
DA:24,0
DA:28,0
DA:29,0
DA:30,0
DA:35,0
DA:36,0
DA:37,0
DA:38,0
DA:39,0
DA:40,0
DA:42,0
DA:43,0
DA:44,0
DA:45,0
DA:46,0
DA:49,0
DA:50,0
DA:54,0
DA:55,0
DA:56,0
DA:60,4
LF:37
LH:6
BRDA:11,0,0,0
BRDA:11,0,1,0
BRDA:37,1,0,0
BRDA:37,1,1,0
BRF:4
BRH:0
end_of_record
TN:
SF:middleware/handleError.js
FN:4,handleError
FN:12,(anonymous_1)
FNF:2
FNH:0
FNDA:0,handleError
FNDA:0,(anonymous_1)
DA:1,4
DA:5,0
DA:6,0
DA:7,0
DA:8,0
DA:9,0
DA:10,0
DA:12,0
DA:13,0
DA:20,4
LF:10
LH:2
BRDA:6,0,0,0
BRDA:6,0,1,0
BRDA:9,1,0,0
BRDA:9,1,1,0
BRF:4
BRH:0
end_of_record
TN:
SF:middleware/logger.js
FN:1,logger
FNF:1
FNH:1
FNDA:2,logger
DA:2,2
DA:3,2
DA:4,2
DA:7,4
LF:4
LH:4
BRF:0
BRH:0
end_of_record
TN:
SF:model/customer-location-m.js
FN:3,getAllCustomerLocations
FN:6,(anonymous_1)
FN:9,addNewCustomerLocation
FNF:3
FNH:3
FNDA:4,getAllCustomerLocations
FNDA:4,(anonymous_1)
FNDA:1,addNewCustomerLocation
DA:1,4
DA:4,4
DA:6,4
DA:10,1
DA:16,4
LF:5
LH:5
BRF:0
BRH:0
end_of_record
TN:
SF:model/customers-m.js
FN:3,getAllCustomers
FN:4,(anonymous_1)
FN:7,getCustomer
FN:11,(anonymous_3)
FN:12,(anonymous_4)
FN:15,getSpecificCustomer
FN:18,(anonymous_6)
FN:21,createCustomer
FNF:8
FNH:0
FNDA:0,getAllCustomers
FNDA:0,(anonymous_1)
FNDA:0,getCustomer
FNDA:0,(anonymous_3)
FNDA:0,(anonymous_4)
FNDA:0,getSpecificCustomer
FNDA:0,(anonymous_6)
FNDA:0,createCustomer
DA:1,4
DA:4,0
DA:8,0
DA:9,0
DA:11,0
DA:12,0
DA:16,0
DA:18,0
DA:22,0
DA:36,4
LF:10
LH:2
BRF:0
BRH:0
end_of_record
TN:
SF:model/vendor-location-m.js
FN:3,getAllVendorLocations
FN:6,(anonymous_1)
FN:9,addNewVendorLocation
FNF:3
FNH:0
FNDA:0,getAllVendorLocations
FNDA:0,(anonymous_1)
FNDA:0,addNewVendorLocation
DA:1,4
DA:4,0
DA:6,0
DA:10,0
DA:16,4
LF:5
LH:2
BRF:0
BRH:0
end_of_record
TN:
SF:model/vendor-routes-m.js
FN:3,createNewRouteStop
FN:17,getAllStopsInOneRoute
FN:23,(anonymous_2)
FN:26,deleteRoute
FNF:4
FNH:3
FNDA:4,createNewRouteStop
FNDA:1,getAllStopsInOneRoute
FNDA:1,(anonymous_2)
FNDA:0,deleteRoute
DA:1,4
DA:4,4
DA:18,1
DA:23,1
DA:27,0
DA:32,4
LF:6
LH:5
BRF:0
BRH:0
end_of_record
TN:
SF:model/vendors-m.js
FN:3,getAllVendors
FN:4,(anonymous_1)
FN:7,getVendorLogin
FN:10,(anonymous_3)
FN:13,getSpecificVendor
FN:16,(anonymous_5)
FN:19,createVendor
FNF:7
FNH:3
FNDA:0,getAllVendors
FNDA:0,(anonymous_1)
FNDA:1,getVendorLogin
FNDA:1,(anonymous_3)
FNDA:0,getSpecificVendor
FNDA:0,(anonymous_5)
FNDA:1,createVendor
DA:1,4
DA:4,0
DA:8,1
DA:10,1
DA:14,0
DA:16,0
DA:20,1
DA:34,4
LF:8
LH:5
BRF:0
BRH:0
end_of_record
